-----------------------------------------------------------------------------------
rendezvous-server
-----------------------------------------------------------------------------------
register: 3666FDD6E21F33952713A7156E06961B <http://5r3ban66dojjc:26875/ : {}>
register: 3666FDD6E21F33952713A7156E06961B <http://5r3ban66dojjc:26875/ : {}>
register: B89164B77462F66D070B1CDA3BEE02D9 <http://389nsp4d9cpju:2374/ : {}>
register: B89164B77462F66D070B1CDA3BEE02D9 <http://389nsp4d9cpju:2374/ : {}>
register: 66DC2F683A3FD2A8BDA91B6059BED3E3 <http://2l5jou9a5bgne:63422/ : {}>
register: 66DC2F683A3FD2A8BDA91B6059BED3E3 <http://2l5jou9a5bgne:63422/ : {}>
register: F5AA9B0156F18B529E3F3B466ACC780B <http://5luc46g0cgslp:10009/ : {}>
register: F5AA9B0156F18B529E3F3B466ACC780B <http://5luc46g0cgslp:10009/ : {}>
register: AAD7870ADF42853C116ECA3CBE78EA67 <http://7mmldrka6q3dv:61595/ : {}>
register: AAD7870ADF42853C116ECA3CBE78EA67 <http://7mmldrka6q3dv:61595/ : {}>
register: EC281F39F7F7B7604B8292C22F0EB611 <http://4dqune7sjrbmo:59700/ : {}>
register: EC281F39F7F7B7604B8292C22F0EB611 <http://4dqune7sjrbmo:59700/ : {}>
register: 04EBE4911C0C4A1C8C60267CBA29F4B1 <http://7fsieqiv5ho8t:26029/ : {}>
register: 04EBE4911C0C4A1C8C60267CBA29F4B1 <http://7fsieqiv5ho8t:26029/ : {}>
register: D43624CD3093EF84D4B0E8BD80FC3DCB <http://79v5s9gm7mu4u:10442/ : {}>
register: D43624CD3093EF84D4B0E8BD80FC3DCB <http://79v5s9gm7mu4u:10442/ : {}>
register: 0F6FD867C7EAF15513812BD567355FA7 <http://2b8t968njmuef:33192/ : {}>
register: 0F6FD867C7EAF15513812BD567355FA7 <http://2b8t968njmuef:33192/ : {}>
register: A853CE9590F84A53A6101DB5CD3E8F8A <http://6t9lp767dg0jt:35340/ : {}>
register: A853CE9590F84A53A6101DB5CD3E8F8A <http://6t9lp767dg0jt:35340/ : {}>

