-----------------------------------------------------------------------------------
rendezvous-server
-----------------------------------------------------------------------------------
register: 1604BC8129985BBFCB9FCDDE28E4D449 <http://172.17.0.4:8080 : {type=rest}>
register: 7083D532396A4205AE9CCB4F387828C3 <http://172.17.0.5:8080 : {type=rest}>
entrou
entrou
entrou
entrou

-----------------------------------------------------------------------------------
indexer-1
-----------------------------------------------------------------------------------
update: 507CF21EE9B8AADF68C0D0FF96D3D739 <http://polyform.di.fct.unl.pt/docs/5d905a2fea6ca89c : [chala, baqueastes, lousa, magneto, cirandaramos]>
update: 793C14D6BF55F3BB3A6B514E05B67D17 <http://polyform.di.fct.unl.pt/docs/1ec9e5bccd9cb85f : [desenrascariam, recaptureis, marimbou]>
update: F64C43932C223AF051AD31762833EAA0 <http://polyform.di.fct.unl.pt/docs/4674b85b8efa1281 : [envaidecssemos, sangraramos, curvarias, particularizar, mandatvamos, imortalizou, arregrareis, mortificarmos, relutaes]>
update: 36F33A913F45990D6BA608D94A51AD19 <http://polyform.di.fct.unl.pt/docs/4c7c5d1ee40953b6 : [desenguiando, reafectada, atijolas]>
update: 519BADA1BEABE9BB37C5A02B6EEC40A5 <http://polyform.di.fct.unl.pt/docs/2aa6e695a05af825 : [punindo, condicionaste, agravaram, subcontratando, palatal, etiquetemos, porngrafas, disformares]>
update: B8DD96296F75019519950FB58DF34C0B <http://polyform.di.fct.unl.pt/docs/314de1114e77f4a6 : [entarraxasses, bolchevizaramos, retrancarmos, mordomadas, deferirei]>
204
update: 5A7C4CBAD0352DF4BA19B9A431094E44 <http://polyform.di.fct.unl.pt/docs/70890d8402f45883 : [condicionasse, enxaropem, computorizveis, urge, embrandecramos]>
update: 1A4EEBC3734F0C682C89E7416D43B425 <http://polyform.di.fct.unl.pt/docs/12c3d7cbda432a9c : [azimute, septuagenrio, gesticulvamos, decidiram, candongaria]>
update: 5B6940EE4D6A11B1F3D3769FA875923E <http://polyform.di.fct.unl.pt/docs/45fb9184012e47af : [estrebuchado, antepares, leiloasses, desentulharamos, subnutririas, mereciam, desanexada, ajoelhou, sondadores]>
update: 2756A006A4AFFFA5CF192BD8BAD0F605 <http://polyform.di.fct.unl.pt/docs/d5ff365a05e7973 : [aformoseareis]>
update: BEDE668FC7606EF2226B24A6810AB375 <http://polyform.di.fct.unl.pt/docs/5004cbd224988736 : [emuladora, sentaramos, ajuramentava, engalinharam]>
update: E3CF096D52C02644B285CC786B4D204A <http://polyform.di.fct.unl.pt/docs/3494f84d81e92165 : [cachuchem, calendarizai, perscrutadora]>
update: A89D6740EB0D8994D28987B48FFB6300 <http://polyform.di.fct.unl.pt/docs/635e33727d046f4b : [estardalharas, penumbrara, loteariam, congeminadas, plebiscito, encen, outonaria, chorriscavam, divisariam]>
update: 106F536087349DA66F79DEAD17B8DAF4 <http://polyform.di.fct.unl.pt/docs/7ed0010058181197 : [tacteava, desodorizaste, mortificarmos, desconsagrasses, embrandecramos, gratificarmos, afagarias]>
update: 19F34C18E2219FAA7F7207A85161D40C <http://polyform.di.fct.unl.pt/docs/3e5da54aef101822 : [emprestais, gasificava, subdirigi, flanqueado, traduzia, banharamos, praguejadora, emudecimentos, amazelreis]>
update: E67892111743A07684F4A7331432B57F <http://polyform.di.fct.unl.pt/docs/689d30d001a3a5ee : [couberes, acompanhava, incis, distinguidos, filologia]>
update: 5D4F701EEA2E24C829735BCDD3C56DA6 <http://polyform.di.fct.unl.pt/docs/436ae3105ce630ce : [relambestes]>
update: 055F9C6E56B04612617CB4D5289CB673 <http://polyform.di.fct.unl.pt/docs/731d68c6fe09cd60 : [sobrepuserem]>
update: 49489EF69FF610C893DDCB8CD303B712 <http://polyform.di.fct.unl.pt/docs/1124f0c845e780f9 : [arrabujarem, ostracizei, aguadura, alfabetizara, barateiro, desaprovem, gaseificariam]>
update: 9A5058470C2E9CC359300A79E8D2CE72 <http://polyform.di.fct.unl.pt/docs/aa1c9e797ce8253 : [sossegues, carujarei, estropio]>
update: F0AAD3378B4830E68605887779A0A278 <http://polyform.di.fct.unl.pt/docs/7d41ec83a7478dd4 : [completaram, arranhavam, inconcludente, subdirigi]>
update: 4BBE9EBE8238FA64DD2536290D179FC3 <http://polyform.di.fct.unl.pt/docs/3b4233b6231a873e : [aprovisionssemos, significaste, deteriorara, caducastes, compulsasse, penumbrara, botnicas]>
update: BF1CDFE82291A05BCC96C618CAF99903 <http://polyform.di.fct.unl.pt/docs/7c5ba6d35f4a6fad : [engatilhardes, brasonar, intimidada, denudada, assanhardes, arretando, perpetuaro]>
update: FA437FAAD08E81AB16ABDBCD48CE71CD <http://polyform.di.fct.unl.pt/docs/6ed0c2ccc45501a5 : [desancaro, estator, apassivaria, comercializaste, empoleirar, fortaleam, extravasa, cabeceando, calcifique]>
update: 691D8852D76A94372400793E43AD7E2C <http://polyform.di.fct.unl.pt/docs/4e690ec185c0bc20 : [cadastrareis, despicar, isquem, proletarizavas, molinhava, aforquilhavas, luxara, desarrolhssemos]>
update: C6FDBFA535B9767CFC0F1DD3D903A54A <http://polyform.di.fct.unl.pt/docs/16e9141d27db4033 : [estrebuchars, enfeitiareis, discriminramos]>
update: D29814C76AD5B878173A70539736DF6F <http://polyform.di.fct.unl.pt/docs/13cfb2435175cba : [besoirars, colai]>
update: A03570C3F7DED44C084838D804AC694F <http://polyform.di.fct.unl.pt/docs/589d0eaca03985d3 : [reafectada, corujmos, animalizado, aplainar, apropositardes, monsticos, dimensionar]>
update: D17D81BEB9F5184BE56FFFEB6BFFD4C7 <http://polyform.di.fct.unl.pt/docs/32754317ce4a924b : [recrescidas]>
update: 435024D8A99023830399D6D9C20B92C1 <http://polyform.di.fct.unl.pt/docs/6d49042203263975 : [programasse, automatizava, trambolharamos, desesperardes, desperdivamos, vincularem]>
update: CAE446803A3551DEE5E88BF475154D9D <http://polyform.di.fct.unl.pt/docs/649d09f277084a55 : [saturaro, vagabundeeis, desatacas, pojaste]>
update: D28CFA5B47858FFEBEF4ADAEAE2B8E09 <http://polyform.di.fct.unl.pt/docs/710990bebd49b501 : [competiste, pacificara, quadradinho, rebolistes, temporizados, resuma, desenjaulei, meneador, surpresa]>
update: B93991068EF3BC07F39F0A772B4C266E <http://polyform.di.fct.unl.pt/docs/15cc1cf212663ce7 : [estator, deserda, gotejsseis, manuscrevemos, tiquetaqueariam, japonizvamos, encadernadoras, moderarem]>
update: 72C528F7FF021126BF9DA087761C989B <http://polyform.di.fct.unl.pt/docs/56b38a8a24c164b4 : [consciente, cindeis, dissimilareis, perigoso, desdenhados, voga]>
update: 8A8B16FE8AA4D03E22A398FC1A7CA95C <http://polyform.di.fct.unl.pt/docs/66f66dbfd4106d8a : [dispor, abortamento, perpetrara, monolugar, inferiste, crmica, encavalitars, desencapar, infestadas]>
update: 65DBFFDF9FCD4449F1033EB7DAB14084 <http://polyform.di.fct.unl.pt/docs/6d2973593c59b5f5 : [respeitavam, ressecavas, depenara, considerada, variei]>
update: 7FE8AC548DE07C5642511D92DA980864 <http://polyform.di.fct.unl.pt/docs/2d32946db00e810f : [quartesseis, balouaram]>
update: 5A4DEB6DC7843967B4FC95F6D6EE111F <http://polyform.di.fct.unl.pt/docs/92af6918066a47a : [rectos, higienizaram, atoleimaram, bipartiam, descarrilarias, alternar, hiperbolizares, atarraxastes]>
update: 153E2B00C9A89E0334F497BEE3F77E35 <http://polyform.di.fct.unl.pt/docs/3de8e7ab811a5f45 : [escaramuramos, molificveis, privilegiais, blindar, Luc]>
204
update: ED917917331850192FA8C7D76E8011E3 <http://polyform.di.fct.unl.pt/docs/7c68dc8abdaddd71 : [cangaceiro, exceptuava, impossibilidade, descortia, pestaneei]>
update: 23B30C54938B08603D0E242A691E2306 <http://polyform.di.fct.unl.pt/docs/6c94749c5d022a75 : [processei, descabelsseis, lantejoulavam]>
update: 8CCAC6B6F475389556598D719E3C1253 <http://polyform.di.fct.unl.pt/docs/b1a39c2768622d8 : [blgara, desincorporei, magnanimidade]>
update: 1A69E3DAE3B7873BEA6DC87726BD8F62 <http://polyform.di.fct.unl.pt/docs/6cd701fe6af1de25 : [atenuasse, azafamasse, autocrtico, malignaramos]>
update: C271FD45E0799F2B714908A5A1D4D4C8 <http://polyform.di.fct.unl.pt/docs/787c02debc9445 : [meneadores, candongaria, imigraro, atombei, palreira, congregvamos, sobrestimreis, brochamos, anotariam]>
update: 439A6749987578BB3F9D29A6E910CB42 <http://polyform.di.fct.unl.pt/docs/27690b135b4dc6af : [reflorescida, aceflica, descontar, cubei, invejar]>
update: EB6291E8003B2A9B871D5C55A2705C0B <http://polyform.di.fct.unl.pt/docs/237b9e2a782d45c5 : [tempestuavas]>
update: 1BCBDB7C89C81ED7BFFB22BAA1155E17 <http://polyform.di.fct.unl.pt/docs/6fe7d2e7e297099b : [houvreis, rufio, despolussemos]>
update: 23A7F38CF2B1E5AF41955BDB05AAF775 <http://polyform.di.fct.unl.pt/docs/5b1de587d1ab913 : [porfiam, volatilizou, afortalezars, amofinasse, indicaste]>
update: 8687F1E029B4D982C123AC7740E7E6AA <http://polyform.di.fct.unl.pt/docs/52c7d9552901d41b : [dentadura, entremear]>
update: CE7027F083297A12828C8F9AB65ECD3F <http://polyform.di.fct.unl.pt/docs/3f9744011a93fac2 : [animalizado, anular, macrobiotismo]>
update: 1015E50E7541342231F6B3E9ADDAB38A <http://polyform.di.fct.unl.pt/docs/40db99043ee5a2e2 : [escalpelizarmos, maturaste, recitveis]>

-----------------------------------------------------------------------------------
indexer-2
-----------------------------------------------------------------------------------
update: E17D8F0BB383C753CAE0E6DCD1AEFAF3 <http://polyform.di.fct.unl.pt/docs/5196e4fb278ef81d : [desinfeccionaremos]>
update: F2C130A434F618F0C00853CA6E706D9F <http://polyform.di.fct.unl.pt/docs/7e0f49977dcd07ac : [reaver, estragos, desgravardes]>
update: 6D7BD0D7ABCEA56A9C8FB004DF41054F <http://polyform.di.fct.unl.pt/docs/787ada7916866878 : [informatizaste, vizinhssemos, azebras, agrediu]>
update: 878FAA6A650FCC765F2A4F6AF48F4E0D <http://polyform.di.fct.unl.pt/docs/2331b107a80e4938 : [desancoramos, cometem, expansibilidade, aromatizveis, Olinda]>
update: 0DC0EC968589C45BF140B072AA6224D0 <http://polyform.di.fct.unl.pt/docs/107fb3ac2f19d47b : [gravito, plantarem, saquearmos, cambiaro]>
update: C4294DB4EA5A3F38F4730B732FD3D033 <http://polyform.di.fct.unl.pt/docs/2f9778f802d705a : [recitssemos, acalmaria, manjadas, mariolice, transigireis, sustimento, enxotares, desatrelados]>
204
update: 46F4FE5B241A1B71CDC4E8D923435363 <http://polyform.di.fct.unl.pt/docs/7b744e21480ebc3d : [desregulvel, desconvertssemos, revirem, solv, reencaixamos]>
update: 562BDB8DE9C2547026E82E66B9EB53F4 <http://polyform.di.fct.unl.pt/docs/5f84d68dfd8f9c6b : [empaleareis, dimensiones, efervescestes]>
update: C56125EABCAD143722E993DBD8ADC958 <http://polyform.di.fct.unl.pt/docs/5dd7ed49c8f6e248 : [substantivaria, arrogavam, rabujariam, rechearemos, fedido, conflagrados, ergussemos]>
update: 5F6017F26C88594CB07739202ED3968E <http://polyform.di.fct.unl.pt/docs/6b60c257b4c38d1d : [ondulareis, calhvamos, desdentasses]>
update: FBE7194943EBA5581639D4F9ED8F2D82 <http://polyform.di.fct.unl.pt/docs/5c7632b8d5e5d38a : [dignificarmos, dividido, matracvamos, impregnada, moderarem, turbastes, desrespeitramos, congestionavas, indicaste]>
update: 65FA45E6BCCDC5C76CA44E890CE01DF5 <http://polyform.di.fct.unl.pt/docs/5b8622e0883a1e15 : [cismei, discriminramos, infamaramos, afiambrastes, desatolmos, arrojavas, disseminamos]>
update: A1469F04A53B3C226F1D06627D58B5DA <http://polyform.di.fct.unl.pt/docs/12550bbbadf92156 : [concernida, equacionais, incomportveis, sucumbiremos, emissores, subutilizveis, dilatasse, beliscariam, encavalitars]>
update: E9E2A412E67D91BA93DC2A0692BBCD67 <http://polyform.di.fct.unl.pt/docs/92fbe1d55b51c8 : [creditaste, corujada, brochamos]>
update: E95936C9C6A8CB66C71BA857AD2680BE <http://polyform.di.fct.unl.pt/docs/926db50d841aab7 : [ferir, travaras]>
update: 975782314F8101EF2D1CE3201B6D8EFB <http://polyform.di.fct.unl.pt/docs/2c9908a5e870a464 : [reorganizramos, consignavam, rufio]>
update: 92907361A8768B286BE4D2633A89CFA1 <http://polyform.di.fct.unl.pt/docs/2b5ccdd94da06a86 : [lastimarem, pecmos, avioletmos, arrebitou, alertamos, meneadores, reequipadas]>
update: 5D604B796AAD8284A3515CAF83574A63 <http://polyform.di.fct.unl.pt/docs/6dff6536f757d664 : [comeara]>
update: 546DF25CD831EDA6F0720AF1601854B4 <http://polyform.di.fct.unl.pt/docs/1bd958e59a092261 : [cooperantes, apregoaro, corujada, esbeltos, avaliareis, arardes, desapoquentados]>
update: 53A9E3B155D0AFC80215B5CC391609F0 <http://polyform.di.fct.unl.pt/docs/6d5fd5e70a98be6c : [entrosares, gaspeava, admoestardes, exasperaes, desembarcssemos, alinhavava, moderarem]>
update: 1C82E6572820A914CA155DF30D3C08C1 <http://polyform.di.fct.unl.pt/docs/62ba6205795e1e16 : [alteraro, encaramelasse, desacertarem, comportmos, alagardes, contaminadas, aldrabeiro]>
update: 73DF9D6A20E04E791A175F2ACC9CC307 <http://polyform.di.fct.unl.pt/docs/5b39577d584fea73 : [quintuplicas, solavancais, viajarias, pedantearei, socariam, desenxofrassem, aposentao, desfilam, descasse]>
update: 7AB7892523B1E1F559B9B5BAAB1FA24D <http://polyform.di.fct.unl.pt/docs/1b09c2d8862a167d : [liderarem, canonizaramos, enciumaram]>
update: 74843C46D30189C9D86B4DE258AEEDB7 <http://polyform.di.fct.unl.pt/docs/643c5fefb29624ed : [reendireitaro, ironizas, desvariada, espatifais, rechaarmos, cirandssemos]>
update: 88FCE4F02C2A190B7EE69AC1D654888B <http://polyform.di.fct.unl.pt/docs/7900adf3624e852b : [federalismos, meato, desalfandeguei, direita]>
update: 1C5E61294A302A77C3E147261D11C742 <http://polyform.di.fct.unl.pt/docs/1d27f2acf2b4321 : [reconduz, emperrasse, entarraxaste, adistes]>
update: 7BBE4D5A78D8903E661803EDBCECD015 <http://polyform.di.fct.unl.pt/docs/7f2a16dd287c7ec5 : [mascavas]>
update: AD5583FE0C6108DE798D57D2720A62DA <http://polyform.di.fct.unl.pt/docs/7b251307186621e6 : [engalfinhassem, quotizando, florescereis]>
update: D3E209C019F6801FB6A07CECC5EB4A83 <http://polyform.di.fct.unl.pt/docs/5cb5b31273c0bfd9 : [canetas, caber, insulaes]>
update: D9419FAD057B84CBF8AC8879BF758A45 <http://polyform.di.fct.unl.pt/docs/3880ac3829085b0a : [sulfatmos, empalheirmos, ceflicas, mariolice, recavara, afiambraro]>
update: 8DDD0CAE4772D8C2822970913B9E8F4D <http://polyform.di.fct.unl.pt/docs/3b25b31c8c4e3041 : [coubestes, esguicharo, empreitemos, mijareis, palancariam]>
update: F94D22BDDFC442E17C29745E95244E0B <http://polyform.di.fct.unl.pt/docs/403c1fdd5b40ddae : [conversveis, reequacione, palatal, orfandades, adornveis, recombinaria, contribussemos]>
update: 81AE3CD6E8B71A23132FBB94450F494E <http://polyform.di.fct.unl.pt/docs/7ef7fcccc8b7a106 : [improvidncias, valava, envelhacado, incluo, rastrejados, prestaras, obrar]>
update: CFCC8A6ECB5DE3082E0E0BC4EF458F36 <http://polyform.di.fct.unl.pt/docs/7c11095dc861c48b : [topo, temporizem, megafone, conterrnea, expressaram, lembrana, comprometereis, encerem]>
update: F60BB7B952491CD2AF938A92ED6E5FF7 <http://polyform.di.fct.unl.pt/docs/60ccecee4d42aef : [comungante, petrificando, emperrasse, penicados, sossegues]>
update: C7D86205159AE9AE3510EC644F56B215 <http://polyform.di.fct.unl.pt/docs/3b9cb8c0e6a272f : [extravasarmos, perfilhreis, teledirigira, amestrava, aerodinmica, rememora, recasando]>
update: 60E6BFD7F9A96CC48E47F6D39C0A95F8 <http://polyform.di.fct.unl.pt/docs/7e9b6411acc7ac9d : [redigissem, descasse, reiniciar, amofines, dicionarizada, mundanal, apalacianar]>
update: 4F0120BF0F1F1152225FB66383F26AFB <http://polyform.di.fct.unl.pt/docs/623b8aeddc0ccbce : [passarinhe, desacordvamos, desculpabilizssemos, golfej, deflorarmos, contradeclarasse, anuviou, traguei]>
update: 6C343B3BFA928829007492247B37840C <http://polyform.di.fct.unl.pt/docs/402dc9d851cc1016 : [amolengsseis, doudice, reagradecerei, dragastes]>
update: 3E385AA1D178D419A4E8A3C58352C520 <http://polyform.di.fct.unl.pt/docs/20b50db82b336f23 : [sapudo, alcantilada, celeumaras, diagnosticramos, desassoreou, reportada, carvoejastes]>
update: 3DD54DCE61B41701BEEEDDE8CBBA4A30 <http://polyform.di.fct.unl.pt/docs/27927edb5f0b1085 : [colcheteado, madeiravam, magnificara, contabilizasses, afleumada]>
update: 9F788C1086E59DCA52D8D75B171CB9CA <http://polyform.di.fct.unl.pt/docs/6aab4db982b467b : [malbarate, duraria, fecundasses, receptaste]>
204
update: 583495F60CF3F7B24592EBD62925B676 <http://polyform.di.fct.unl.pt/docs/14d6df198e8fafe : [contraplacramos, suicidareis, desvinculara, cozeramos, tratars, faseamento]>
update: 3C446C1EFAE958112B1673617AFE9564 <http://polyform.di.fct.unl.pt/docs/2d4b0dc0e8fb985e : [otlito, bbada]>
update: 83530CB3BB35E0F7748EB1C2CD923FF6 <http://polyform.di.fct.unl.pt/docs/440bbfde26b98799 : [japonesavam, portugaliza, fruto, renormalizaras, ombrear]>
update: EA568F42962E3ED2D11A926B7A4615DE <http://polyform.di.fct.unl.pt/docs/759bb42d27fe78c1 : [deutero, soldava, tenentes, subalugada, despartidarizarei, particulares, exterminei, baldrocarmos]>
update: ADFC31FAB9F71AF4D6AA0CF0B7F31475 <http://polyform.di.fct.unl.pt/docs/4e1098fcc5f1d180 : [heptico]>
update: 80C875A3F502BA69CA200FC9FB55F75F <http://polyform.di.fct.unl.pt/docs/744e4a3413058335 : [alastrou, castias]>
update: F89DFDF4EC631BCC2BEAFD45F2490511 <http://polyform.di.fct.unl.pt/docs/42a5ee6e99aa85d2 : [desencapote, furou, hibernando, reconsagras, transplantadores]>

