-----------------------------------------------------------------------------------
rendezvous-server
-----------------------------------------------------------------------------------
register: 1604BC8129985BBFCB9FCDDE28E4D449 <http://172.17.0.4:8080 : {type=rest}>
register: 7083D532396A4205AE9CCB4F387828C3 <http://172.17.0.5:8080 : {type=soap}>

-----------------------------------------------------------------------------------
indexer-1
-----------------------------------------------------------------------------------
update: F64C43932C223AF051AD31762833EAA0 <http://polyform.di.fct.unl.pt/docs/4674b85b8efa1281 : [envaidecssemos, sangraramos, curvarias, particularizar, mandatvamos, imortalizou, arregrareis, mortificarmos, relutaes]>
update: B8DD96296F75019519950FB58DF34C0B <http://polyform.di.fct.unl.pt/docs/314de1114e77f4a6 : [entarraxasses, bolchevizaramos, retrancarmos, mordomadas, deferirei]>
update: F2C130A434F618F0C00853CA6E706D9F <http://polyform.di.fct.unl.pt/docs/7e0f49977dcd07ac : [reaver, estragos, desgravardes]>
update: 5A7C4CBAD0352DF4BA19B9A431094E44 <http://polyform.di.fct.unl.pt/docs/70890d8402f45883 : [condicionasse, enxaropem, computorizveis, urge, embrandecramos]>
update: 6D7BD0D7ABCEA56A9C8FB004DF41054F <http://polyform.di.fct.unl.pt/docs/787ada7916866878 : [informatizaste, vizinhssemos, azebras, agrediu]>
update: 878FAA6A650FCC765F2A4F6AF48F4E0D <http://polyform.di.fct.unl.pt/docs/2331b107a80e4938 : [desancoramos, cometem, expansibilidade, aromatizveis, Olinda]>
update: 0DC0EC968589C45BF140B072AA6224D0 <http://polyform.di.fct.unl.pt/docs/107fb3ac2f19d47b : [gravito, plantarem, saquearmos, cambiaro]>
update: 5B6940EE4D6A11B1F3D3769FA875923E <http://polyform.di.fct.unl.pt/docs/45fb9184012e47af : [estrebuchado, antepares, leiloasses, desentulharamos, subnutririas, mereciam, desanexada, ajoelhou, sondadores]>
update: BEDE668FC7606EF2226B24A6810AB375 <http://polyform.di.fct.unl.pt/docs/5004cbd224988736 : [emuladora, sentaramos, ajuramentava, engalinharam]>
update: 19F34C18E2219FAA7F7207A85161D40C <http://polyform.di.fct.unl.pt/docs/3e5da54aef101822 : [emprestais, gasificava, subdirigi, flanqueado, traduzia, banharamos, praguejadora, emudecimentos, amazelreis]>
update: E67892111743A07684F4A7331432B57F <http://polyform.di.fct.unl.pt/docs/689d30d001a3a5ee : [couberes, acompanhava, incis, distinguidos, filologia]>
update: 5F6017F26C88594CB07739202ED3968E <http://polyform.di.fct.unl.pt/docs/6b60c257b4c38d1d : [ondulareis, calhvamos, desdentasses]>
update: 055F9C6E56B04612617CB4D5289CB673 <http://polyform.di.fct.unl.pt/docs/731d68c6fe09cd60 : [sobrepuserem]>
update: 49489EF69FF610C893DDCB8CD303B712 <http://polyform.di.fct.unl.pt/docs/1124f0c845e780f9 : [arrabujarem, ostracizei, aguadura, alfabetizara, barateiro, desaprovem, gaseificariam]>
update: 9A5058470C2E9CC359300A79E8D2CE72 <http://polyform.di.fct.unl.pt/docs/aa1c9e797ce8253 : [sossegues, carujarei, estropio]>
update: F0AAD3378B4830E68605887779A0A278 <http://polyform.di.fct.unl.pt/docs/7d41ec83a7478dd4 : [completaram, arranhavam, inconcludente, subdirigi]>
update: FBE7194943EBA5581639D4F9ED8F2D82 <http://polyform.di.fct.unl.pt/docs/5c7632b8d5e5d38a : [dignificarmos, dividido, matracvamos, impregnada, moderarem, turbastes, desrespeitramos, congestionavas, indicaste]>
update: 65FA45E6BCCDC5C76CA44E890CE01DF5 <http://polyform.di.fct.unl.pt/docs/5b8622e0883a1e15 : [cismei, discriminramos, infamaramos, afiambrastes, desatolmos, arrojavas, disseminamos]>
update: A1469F04A53B3C226F1D06627D58B5DA <http://polyform.di.fct.unl.pt/docs/12550bbbadf92156 : [concernida, equacionais, incomportveis, sucumbiremos, emissores, subutilizveis, dilatasse, beliscariam, encavalitars]>
update: 4BBE9EBE8238FA64DD2536290D179FC3 <http://polyform.di.fct.unl.pt/docs/3b4233b6231a873e : [aprovisionssemos, significaste, deteriorara, caducastes, compulsasse, penumbrara, botnicas]>
update: 92907361A8768B286BE4D2633A89CFA1 <http://polyform.di.fct.unl.pt/docs/2b5ccdd94da06a86 : [lastimarem, pecmos, avioletmos, arrebitou, alertamos, meneadores, reequipadas]>
update: 5D604B796AAD8284A3515CAF83574A63 <http://polyform.di.fct.unl.pt/docs/6dff6536f757d664 : [comeara]>
update: FA437FAAD08E81AB16ABDBCD48CE71CD <http://polyform.di.fct.unl.pt/docs/6ed0c2ccc45501a5 : [desancaro, estator, apassivaria, comercializaste, empoleirar, fortaleam, extravasa, cabeceando, calcifique]>
update: 691D8852D76A94372400793E43AD7E2C <http://polyform.di.fct.unl.pt/docs/4e690ec185c0bc20 : [cadastrareis, despicar, isquem, proletarizavas, molinhava, aforquilhavas, luxara, desarrolhssemos]>
update: C6FDBFA535B9767CFC0F1DD3D903A54A <http://polyform.di.fct.unl.pt/docs/16e9141d27db4033 : [estrebuchars, enfeitiareis, discriminramos]>
update: A03570C3F7DED44C084838D804AC694F <http://polyform.di.fct.unl.pt/docs/589d0eaca03985d3 : [reafectada, corujmos, animalizado, aplainar, apropositardes, monsticos, dimensionar]>
update: 1C82E6572820A914CA155DF30D3C08C1 <http://polyform.di.fct.unl.pt/docs/62ba6205795e1e16 : [alteraro, encaramelasse, desacertarem, comportmos, alagardes, contaminadas, aldrabeiro]>
update: 7AB7892523B1E1F559B9B5BAAB1FA24D <http://polyform.di.fct.unl.pt/docs/1b09c2d8862a167d : [liderarem, canonizaramos, enciumaram]>
update: 88FCE4F02C2A190B7EE69AC1D654888B <http://polyform.di.fct.unl.pt/docs/7900adf3624e852b : [federalismos, meato, desalfandeguei, direita]>
update: 1C5E61294A302A77C3E147261D11C742 <http://polyform.di.fct.unl.pt/docs/1d27f2acf2b4321 : [reconduz, emperrasse, entarraxaste, adistes]>
update: D17D81BEB9F5184BE56FFFEB6BFFD4C7 <http://polyform.di.fct.unl.pt/docs/32754317ce4a924b : [recrescidas]>
update: 435024D8A99023830399D6D9C20B92C1 <http://polyform.di.fct.unl.pt/docs/6d49042203263975 : [programasse, automatizava, trambolharamos, desesperardes, desperdivamos, vincularem]>
update: CAE446803A3551DEE5E88BF475154D9D <http://polyform.di.fct.unl.pt/docs/649d09f277084a55 : [saturaro, vagabundeeis, desatacas, pojaste]>
update: B93991068EF3BC07F39F0A772B4C266E <http://polyform.di.fct.unl.pt/docs/15cc1cf212663ce7 : [estator, deserda, gotejsseis, manuscrevemos, tiquetaqueariam, japonizvamos, encadernadoras, moderarem]>
update: AD5583FE0C6108DE798D57D2720A62DA <http://polyform.di.fct.unl.pt/docs/7b251307186621e6 : [engalfinhassem, quotizando, florescereis]>
update: 8A8B16FE8AA4D03E22A398FC1A7CA95C <http://polyform.di.fct.unl.pt/docs/66f66dbfd4106d8a : [dispor, abortamento, perpetrara, monolugar, inferiste, crmica, encavalitars, desencapar, infestadas]>
update: D9419FAD057B84CBF8AC8879BF758A45 <http://polyform.di.fct.unl.pt/docs/3880ac3829085b0a : [sulfatmos, empalheirmos, ceflicas, mariolice, recavara, afiambraro]>
update: 7FE8AC548DE07C5642511D92DA980864 <http://polyform.di.fct.unl.pt/docs/2d32946db00e810f : [quartesseis, balouaram]>
update: F60BB7B952491CD2AF938A92ED6E5FF7 <http://polyform.di.fct.unl.pt/docs/60ccecee4d42aef : [comungante, petrificando, emperrasse, penicados, sossegues]>
update: 5A4DEB6DC7843967B4FC95F6D6EE111F <http://polyform.di.fct.unl.pt/docs/92af6918066a47a : [rectos, higienizaram, atoleimaram, bipartiam, descarrilarias, alternar, hiperbolizares, atarraxastes]>
update: 4F0120BF0F1F1152225FB66383F26AFB <http://polyform.di.fct.unl.pt/docs/623b8aeddc0ccbce : [passarinhe, desacordvamos, desculpabilizssemos, golfej, deflorarmos, contradeclarasse, anuviou, traguei]>
update: 23B30C54938B08603D0E242A691E2306 <http://polyform.di.fct.unl.pt/docs/6c94749c5d022a75 : [processei, descabelsseis, lantejoulavam]>
update: 3C446C1EFAE958112B1673617AFE9564 <http://polyform.di.fct.unl.pt/docs/2d4b0dc0e8fb985e : [otlito, bbada]>
update: 1A69E3DAE3B7873BEA6DC87726BD8F62 <http://polyform.di.fct.unl.pt/docs/6cd701fe6af1de25 : [atenuasse, azafamasse, autocrtico, malignaramos]>
update: 439A6749987578BB3F9D29A6E910CB42 <http://polyform.di.fct.unl.pt/docs/27690b135b4dc6af : [reflorescida, aceflica, descontar, cubei, invejar]>
update: 83530CB3BB35E0F7748EB1C2CD923FF6 <http://polyform.di.fct.unl.pt/docs/440bbfde26b98799 : [japonesavam, portugaliza, fruto, renormalizaras, ombrear]>
update: EA568F42962E3ED2D11A926B7A4615DE <http://polyform.di.fct.unl.pt/docs/759bb42d27fe78c1 : [deutero, soldava, tenentes, subalugada, despartidarizarei, particulares, exterminei, baldrocarmos]>
update: EB6291E8003B2A9B871D5C55A2705C0B <http://polyform.di.fct.unl.pt/docs/237b9e2a782d45c5 : [tempestuavas]>
update: 80C875A3F502BA69CA200FC9FB55F75F <http://polyform.di.fct.unl.pt/docs/744e4a3413058335 : [alastrou, castias]>
update: CE7027F083297A12828C8F9AB65ECD3F <http://polyform.di.fct.unl.pt/docs/3f9744011a93fac2 : [animalizado, anular, macrobiotismo]>
update: 1015E50E7541342231F6B3E9ADDAB38A <http://polyform.di.fct.unl.pt/docs/40db99043ee5a2e2 : [escalpelizarmos, maturaste, recitveis]>

-----------------------------------------------------------------------------------
indexer-2
-----------------------------------------------------------------------------------

