-----------------------------------------------------------------------------------
rendezvous-server
-----------------------------------------------------------------------------------
register: 1604BC8129985BBFCB9FCDDE28E4D449 <http://172.17.0.4:8080 : {}>
register: 7083D532396A4205AE9CCB4F387828C3 <http://172.17.0.5:8080 : {type=soap}>

-----------------------------------------------------------------------------------
indexer-1
-----------------------------------------------------------------------------------
update: 507CF21EE9B8AADF68C0D0FF96D3D739 <http://polyform.di.fct.unl.pt/docs/5d905a2fea6ca89c : [chala, baqueastes, lousa, magneto, cirandaramos]>
update: 793C14D6BF55F3BB3A6B514E05B67D17 <http://polyform.di.fct.unl.pt/docs/1ec9e5bccd9cb85f : [desenrascariam, recaptureis, marimbou]>
update: E17D8F0BB383C753CAE0E6DCD1AEFAF3 <http://polyform.di.fct.unl.pt/docs/5196e4fb278ef81d : [desinfeccionaremos]>
update: 519BADA1BEABE9BB37C5A02B6EEC40A5 <http://polyform.di.fct.unl.pt/docs/2aa6e695a05af825 : [punindo, condicionaste, agravaram, subcontratando, palatal, etiquetemos, porngrafas, disformares]>
update: F2C130A434F618F0C00853CA6E706D9F <http://polyform.di.fct.unl.pt/docs/7e0f49977dcd07ac : [reaver, estragos, desgravardes]>
update: 5A7C4CBAD0352DF4BA19B9A431094E44 <http://polyform.di.fct.unl.pt/docs/70890d8402f45883 : [condicionasse, enxaropem, computorizveis, urge, embrandecramos]>
update: 6D7BD0D7ABCEA56A9C8FB004DF41054F <http://polyform.di.fct.unl.pt/docs/787ada7916866878 : [informatizaste, vizinhssemos, azebras, agrediu]>
update: 878FAA6A650FCC765F2A4F6AF48F4E0D <http://polyform.di.fct.unl.pt/docs/2331b107a80e4938 : [desancoramos, cometem, expansibilidade, aromatizveis, Olinda]>
update: 0DC0EC968589C45BF140B072AA6224D0 <http://polyform.di.fct.unl.pt/docs/107fb3ac2f19d47b : [gravito, plantarem, saquearmos, cambiaro]>
update: 46F4FE5B241A1B71CDC4E8D923435363 <http://polyform.di.fct.unl.pt/docs/7b744e21480ebc3d : [desregulvel, desconvertssemos, revirem, solv, reencaixamos]>
update: 19F34C18E2219FAA7F7207A85161D40C <http://polyform.di.fct.unl.pt/docs/3e5da54aef101822 : [emprestais, gasificava, subdirigi, flanqueado, traduzia, banharamos, praguejadora, emudecimentos, amazelreis]>
update: 562BDB8DE9C2547026E82E66B9EB53F4 <http://polyform.di.fct.unl.pt/docs/5f84d68dfd8f9c6b : [empaleareis, dimensiones, efervescestes]>
update: C56125EABCAD143722E993DBD8ADC958 <http://polyform.di.fct.unl.pt/docs/5dd7ed49c8f6e248 : [substantivaria, arrogavam, rabujariam, rechearemos, fedido, conflagrados, ergussemos]>
update: E67892111743A07684F4A7331432B57F <http://polyform.di.fct.unl.pt/docs/689d30d001a3a5ee : [couberes, acompanhava, incis, distinguidos, filologia]>
update: 055F9C6E56B04612617CB4D5289CB673 <http://polyform.di.fct.unl.pt/docs/731d68c6fe09cd60 : [sobrepuserem]>
update: 49489EF69FF610C893DDCB8CD303B712 <http://polyform.di.fct.unl.pt/docs/1124f0c845e780f9 : [arrabujarem, ostracizei, aguadura, alfabetizara, barateiro, desaprovem, gaseificariam]>
update: E9E2A412E67D91BA93DC2A0692BBCD67 <http://polyform.di.fct.unl.pt/docs/92fbe1d55b51c8 : [creditaste, corujada, brochamos]>
update: E95936C9C6A8CB66C71BA857AD2680BE <http://polyform.di.fct.unl.pt/docs/926db50d841aab7 : [ferir, travaras]>
update: 975782314F8101EF2D1CE3201B6D8EFB <http://polyform.di.fct.unl.pt/docs/2c9908a5e870a464 : [reorganizramos, consignavam, rufio]>
update: 5D604B796AAD8284A3515CAF83574A63 <http://polyform.di.fct.unl.pt/docs/6dff6536f757d664 : [comeara]>
update: BF1CDFE82291A05BCC96C618CAF99903 <http://polyform.di.fct.unl.pt/docs/7c5ba6d35f4a6fad : [engatilhardes, brasonar, intimidada, denudada, assanhardes, arretando, perpetuaro]>
update: C6FDBFA535B9767CFC0F1DD3D903A54A <http://polyform.di.fct.unl.pt/docs/16e9141d27db4033 : [estrebuchars, enfeitiareis, discriminramos]>
update: 546DF25CD831EDA6F0720AF1601854B4 <http://polyform.di.fct.unl.pt/docs/1bd958e59a092261 : [cooperantes, apregoaro, corujada, esbeltos, avaliareis, arardes, desapoquentados]>
update: A03570C3F7DED44C084838D804AC694F <http://polyform.di.fct.unl.pt/docs/589d0eaca03985d3 : [reafectada, corujmos, animalizado, aplainar, apropositardes, monsticos, dimensionar]>
update: 74843C46D30189C9D86B4DE258AEEDB7 <http://polyform.di.fct.unl.pt/docs/643c5fefb29624ed : [reendireitaro, ironizas, desvariada, espatifais, rechaarmos, cirandssemos]>
update: 1C5E61294A302A77C3E147261D11C742 <http://polyform.di.fct.unl.pt/docs/1d27f2acf2b4321 : [reconduz, emperrasse, entarraxaste, adistes]>
update: 435024D8A99023830399D6D9C20B92C1 <http://polyform.di.fct.unl.pt/docs/6d49042203263975 : [programasse, automatizava, trambolharamos, desesperardes, desperdivamos, vincularem]>
update: CAE446803A3551DEE5E88BF475154D9D <http://polyform.di.fct.unl.pt/docs/649d09f277084a55 : [saturaro, vagabundeeis, desatacas, pojaste]>
update: 72C528F7FF021126BF9DA087761C989B <http://polyform.di.fct.unl.pt/docs/56b38a8a24c164b4 : [consciente, cindeis, dissimilareis, perigoso, desdenhados, voga]>
update: 65DBFFDF9FCD4449F1033EB7DAB14084 <http://polyform.di.fct.unl.pt/docs/6d2973593c59b5f5 : [respeitavam, ressecavas, depenara, considerada, variei]>
update: F94D22BDDFC442E17C29745E95244E0B <http://polyform.di.fct.unl.pt/docs/403c1fdd5b40ddae : [conversveis, reequacione, palatal, orfandades, adornveis, recombinaria, contribussemos]>
update: 81AE3CD6E8B71A23132FBB94450F494E <http://polyform.di.fct.unl.pt/docs/7ef7fcccc8b7a106 : [improvidncias, valava, envelhacado, incluo, rastrejados, prestaras, obrar]>
update: CFCC8A6ECB5DE3082E0E0BC4EF458F36 <http://polyform.di.fct.unl.pt/docs/7c11095dc861c48b : [topo, temporizem, megafone, conterrnea, expressaram, lembrana, comprometereis, encerem]>
update: 5A4DEB6DC7843967B4FC95F6D6EE111F <http://polyform.di.fct.unl.pt/docs/92af6918066a47a : [rectos, higienizaram, atoleimaram, bipartiam, descarrilarias, alternar, hiperbolizares, atarraxastes]>
update: C7D86205159AE9AE3510EC644F56B215 <http://polyform.di.fct.unl.pt/docs/3b9cb8c0e6a272f : [extravasarmos, perfilhreis, teledirigira, amestrava, aerodinmica, rememora, recasando]>
update: 60E6BFD7F9A96CC48E47F6D39C0A95F8 <http://polyform.di.fct.unl.pt/docs/7e9b6411acc7ac9d : [redigissem, descasse, reiniciar, amofines, dicionarizada, mundanal, apalacianar]>
update: 4F0120BF0F1F1152225FB66383F26AFB <http://polyform.di.fct.unl.pt/docs/623b8aeddc0ccbce : [passarinhe, desacordvamos, desculpabilizssemos, golfej, deflorarmos, contradeclarasse, anuviou, traguei]>
update: 6C343B3BFA928829007492247B37840C <http://polyform.di.fct.unl.pt/docs/402dc9d851cc1016 : [amolengsseis, doudice, reagradecerei, dragastes]>
update: 3E385AA1D178D419A4E8A3C58352C520 <http://polyform.di.fct.unl.pt/docs/20b50db82b336f23 : [sapudo, alcantilada, celeumaras, diagnosticramos, desassoreou, reportada, carvoejastes]>
update: 9F788C1086E59DCA52D8D75B171CB9CA <http://polyform.di.fct.unl.pt/docs/6aab4db982b467b : [malbarate, duraria, fecundasses, receptaste]>
update: 583495F60CF3F7B24592EBD62925B676 <http://polyform.di.fct.unl.pt/docs/14d6df198e8fafe : [contraplacramos, suicidareis, desvinculara, cozeramos, tratars, faseamento]>
update: 8CCAC6B6F475389556598D719E3C1253 <http://polyform.di.fct.unl.pt/docs/b1a39c2768622d8 : [blgara, desincorporei, magnanimidade]>
update: C271FD45E0799F2B714908A5A1D4D4C8 <http://polyform.di.fct.unl.pt/docs/787c02debc9445 : [meneadores, candongaria, imigraro, atombei, palreira, congregvamos, sobrestimreis, brochamos, anotariam]>
update: 439A6749987578BB3F9D29A6E910CB42 <http://polyform.di.fct.unl.pt/docs/27690b135b4dc6af : [reflorescida, aceflica, descontar, cubei, invejar]>
update: EB6291E8003B2A9B871D5C55A2705C0B <http://polyform.di.fct.unl.pt/docs/237b9e2a782d45c5 : [tempestuavas]>
update: 1BCBDB7C89C81ED7BFFB22BAA1155E17 <http://polyform.di.fct.unl.pt/docs/6fe7d2e7e297099b : [houvreis, rufio, despolussemos]>
update: ADFC31FAB9F71AF4D6AA0CF0B7F31475 <http://polyform.di.fct.unl.pt/docs/4e1098fcc5f1d180 : [heptico]>
update: 1015E50E7541342231F6B3E9ADDAB38A <http://polyform.di.fct.unl.pt/docs/40db99043ee5a2e2 : [escalpelizarmos, maturaste, recitveis]>

-----------------------------------------------------------------------------------
indexer-2
-----------------------------------------------------------------------------------

