-----------------------------------------------------------------------------------
rendezvous-server
-----------------------------------------------------------------------------------
register: 1604BC8129985BBFCB9FCDDE28E4D449 <http://172.17.0.4:8080 : {type=soap}>
register: 7083D532396A4205AE9CCB4F387828C3 <http://172.17.0.5:8080 : {type=soap}>
register: 5361D21EE81A5EC8ED0D25FD3E4608A7 <http://172.17.0.6:8080 : {type=soap}>
entrou
entrou
entrou
entrou
entrou
entrou
entrou
entrou
entrou
entrou
entrou
entrou
entrou
entrou
entrou
entrou
entrou
entrou
entrou
entrou
entrou
entrou
entrou
entrou
entrou
entrou
entrou
entrou
entrou
entrou

-----------------------------------------------------------------------------------
indexer-1
-----------------------------------------------------------------------------------
204
204

-----------------------------------------------------------------------------------
indexer-2
-----------------------------------------------------------------------------------
204
204
204
204
204
204
204
204
204
204
204
204
204
204

-----------------------------------------------------------------------------------
indexer-3
-----------------------------------------------------------------------------------
204
204
204
204
204
204
204
204
204
204
204
204
204
204

